0 info it worked if it ends with ok
1 verbose cli [ '/usr/local/Cellar/node/5.9.0/bin/node',
1 verbose cli   '/usr/local/bin/npm',
1 verbose cli   'i' ]
2 info using npm@3.8.6
3 info using node@v5.9.0
4 silly loadCurrentTree Starting
5 silly install loadCurrentTree
6 silly install readLocalPackageData
7 silly install normalizeTree
8 silly loadCurrentTree Finishing
9 silly loadIdealTree Starting
10 silly install loadIdealTree
11 silly cloneCurrentTree Starting
12 silly install cloneCurrentTreeToIdealTree
13 silly cloneCurrentTree Finishing
14 silly loadShrinkwrap Starting
15 silly install loadShrinkwrap
16 silly loadShrinkwrap Finishing
17 silly loadAllDepsIntoIdealTree Starting
18 silly install loadAllDepsIntoIdealTree
19 silly loadAllDepsIntoIdealTree Finishing
20 silly idealTree:prePrune rusty_node@0.1.0
20 silly idealTree:prePrune ├── acorn@1.2.2
20 silly idealTree:prePrune ├── align-text@0.1.4
20 silly idealTree:prePrune ├── amdefine@1.0.0
20 silly idealTree:prePrune ├── ansi-escapes@1.4.0
20 silly idealTree:prePrune ├── ansi-regex@2.0.0
20 silly idealTree:prePrune ├── ansi-styles@2.2.1
20 silly idealTree:prePrune ├── anymatch@1.3.0
20 silly idealTree:prePrune ├── archy@1.0.0
20 silly idealTree:prePrune ├── arr-diff@2.0.0
20 silly idealTree:prePrune ├── arr-flatten@1.0.1
20 silly idealTree:prePrune ├── array-differ@1.0.0
20 silly idealTree:prePrune ├── array-find-index@1.0.1
20 silly idealTree:prePrune ├── array-uniq@1.0.2
20 silly idealTree:prePrune ├── array-unique@0.2.1
20 silly idealTree:prePrune ├── arrify@1.0.1
20 silly idealTree:prePrune ├── ast-types@0.8.16
20 silly idealTree:prePrune ├─┬ async-done@1.2.0
20 silly idealTree:prePrune │ └── end-of-stream@1.1.0
20 silly idealTree:prePrune ├── async-each@1.0.0
20 silly idealTree:prePrune ├── async@1.5.2
20 silly idealTree:prePrune ├── babel-code-frame@6.7.5
20 silly idealTree:prePrune ├── babel-core@6.7.6
20 silly idealTree:prePrune ├── babel-generator@6.7.5
20 silly idealTree:prePrune ├── babel-helper-call-delegate@6.6.5
20 silly idealTree:prePrune ├── babel-helper-define-map@6.6.5
20 silly idealTree:prePrune ├── babel-helper-function-name@6.6.0
20 silly idealTree:prePrune ├── babel-helper-get-function-arity@6.6.5
20 silly idealTree:prePrune ├── babel-helper-hoist-variables@6.6.5
20 silly idealTree:prePrune ├── babel-helper-optimise-call-expression@6.6.0
20 silly idealTree:prePrune ├── babel-helper-regex@6.6.5
20 silly idealTree:prePrune ├── babel-helper-replace-supers@6.7.0
20 silly idealTree:prePrune ├── babel-helpers@6.6.0
20 silly idealTree:prePrune ├── babel-messages@6.7.2
20 silly idealTree:prePrune ├── babel-plugin-check-es2015-constants@6.7.2
20 silly idealTree:prePrune ├── babel-plugin-syntax-async-functions@6.5.0
20 silly idealTree:prePrune ├── babel-plugin-transform-es2015-arrow-functions@6.5.2
20 silly idealTree:prePrune ├── babel-plugin-transform-es2015-block-scoped-functions@6.6.5
20 silly idealTree:prePrune ├── babel-plugin-transform-es2015-block-scoping@6.7.1
20 silly idealTree:prePrune ├── babel-plugin-transform-es2015-classes@6.6.5
20 silly idealTree:prePrune ├── babel-plugin-transform-es2015-computed-properties@6.6.5
20 silly idealTree:prePrune ├── babel-plugin-transform-es2015-destructuring@6.6.5
20 silly idealTree:prePrune ├── babel-plugin-transform-es2015-duplicate-keys@6.6.4
20 silly idealTree:prePrune ├── babel-plugin-transform-es2015-for-of@6.6.0
20 silly idealTree:prePrune ├── babel-plugin-transform-es2015-function-name@6.5.0
20 silly idealTree:prePrune ├── babel-plugin-transform-es2015-literals@6.5.0
20 silly idealTree:prePrune ├── babel-plugin-transform-es2015-modules-commonjs@6.7.4
20 silly idealTree:prePrune ├── babel-plugin-transform-es2015-object-super@6.6.5
20 silly idealTree:prePrune ├── babel-plugin-transform-es2015-parameters@6.7.0
20 silly idealTree:prePrune ├── babel-plugin-transform-es2015-shorthand-properties@6.5.0
20 silly idealTree:prePrune ├── babel-plugin-transform-es2015-spread@6.6.5
20 silly idealTree:prePrune ├── babel-plugin-transform-es2015-sticky-regex@6.5.0
20 silly idealTree:prePrune ├── babel-plugin-transform-es2015-template-literals@6.6.5
20 silly idealTree:prePrune ├── babel-plugin-transform-es2015-typeof-symbol@6.6.0
20 silly idealTree:prePrune ├── babel-plugin-transform-es2015-unicode-regex@6.5.0
20 silly idealTree:prePrune ├── babel-plugin-transform-regenerator@6.6.5
20 silly idealTree:prePrune ├── babel-plugin-transform-strict-mode@6.6.5
20 silly idealTree:prePrune ├── babel-preset-es2015@6.6.0
20 silly idealTree:prePrune ├─┬ babel-register@6.7.2
20 silly idealTree:prePrune │ └── core-js@2.2.2
20 silly idealTree:prePrune ├── babel-runtime@5.8.38
20 silly idealTree:prePrune ├── babel-template@6.7.0
20 silly idealTree:prePrune ├── babel-traverse@6.7.6
20 silly idealTree:prePrune ├── babel-types@6.7.2
20 silly idealTree:prePrune ├── babylon@6.7.0
20 silly idealTree:prePrune ├── balanced-match@0.3.0
20 silly idealTree:prePrune ├── beeper@1.1.0
20 silly idealTree:prePrune ├── binary-extensions@1.4.0
20 silly idealTree:prePrune ├── brace-expansion@1.1.3
20 silly idealTree:prePrune ├── braces@1.8.3
20 silly idealTree:prePrune ├── builtin-modules@1.1.1
20 silly idealTree:prePrune ├── builtins@0.0.7
20 silly idealTree:prePrune ├── camelcase-keys@2.1.0
20 silly idealTree:prePrune ├── camelcase@2.1.1
20 silly idealTree:prePrune ├── center-align@0.1.3
20 silly idealTree:prePrune ├── chalk@1.1.3
20 silly idealTree:prePrune ├── chokidar@1.4.3
20 silly idealTree:prePrune ├── cli-cursor@1.0.2
20 silly idealTree:prePrune ├── cli-width@1.1.1
20 silly idealTree:prePrune ├─┬ cliui@2.1.0
20 silly idealTree:prePrune │ └── wordwrap@0.0.2
20 silly idealTree:prePrune ├── clone-stats@0.0.1
20 silly idealTree:prePrune ├── clone@1.0.2
20 silly idealTree:prePrune ├── code-point-at@1.0.0
20 silly idealTree:prePrune ├── concat-map@0.0.1
20 silly idealTree:prePrune ├── convert-source-map@1.2.0
20 silly idealTree:prePrune ├── core-js@1.2.6
20 silly idealTree:prePrune ├── core-util-is@1.0.2
20 silly idealTree:prePrune ├── dateformat@1.0.12
20 silly idealTree:prePrune ├── debug@2.2.0
20 silly idealTree:prePrune ├── decamelize@1.2.0
20 silly idealTree:prePrune ├── defaults@1.0.3
20 silly idealTree:prePrune ├── deprecated@0.0.1
20 silly idealTree:prePrune ├── detect-indent@3.0.1
20 silly idealTree:prePrune ├── duplexer2@0.0.2
20 silly idealTree:prePrune ├── end-of-stream@0.1.5
20 silly idealTree:prePrune ├── error-ex@1.3.0
20 silly idealTree:prePrune ├── escape-string-regexp@1.0.5
20 silly idealTree:prePrune ├── esmangle-evaluator@1.0.0
20 silly idealTree:prePrune ├── esprima@2.7.2
20 silly idealTree:prePrune ├── esutils@2.0.2
20 silly idealTree:prePrune ├── exit-hook@1.1.1
20 silly idealTree:prePrune ├── expand-brackets@0.1.5
20 silly idealTree:prePrune ├── expand-range@1.8.1
20 silly idealTree:prePrune ├── extend@2.0.1
20 silly idealTree:prePrune ├── extglob@0.3.2
20 silly idealTree:prePrune ├── falafel@1.2.0
20 silly idealTree:prePrune ├── fancy-log@1.2.0
20 silly idealTree:prePrune ├── figures@1.5.0
20 silly idealTree:prePrune ├── filename-regex@2.0.0
20 silly idealTree:prePrune ├── fill-range@2.2.3
20 silly idealTree:prePrune ├── find-index@0.1.1
20 silly idealTree:prePrune ├─┬ find-up@1.1.2
20 silly idealTree:prePrune │ └── path-exists@2.1.0
20 silly idealTree:prePrune ├── findup-sync@0.3.0
20 silly idealTree:prePrune ├── first-chunk-stream@1.0.0
20 silly idealTree:prePrune ├── flagged-respawn@0.3.2
20 silly idealTree:prePrune ├── for-in@0.1.5
20 silly idealTree:prePrune ├── for-own@0.1.4
20 silly idealTree:prePrune ├── foreach@2.0.5
20 silly idealTree:prePrune ├── fs-extra@0.26.7
20 silly idealTree:prePrune ├─┬ fsevents@1.0.11
20 silly idealTree:prePrune │ ├── ansi-regex@2.0.0
20 silly idealTree:prePrune │ ├── ansi-styles@2.2.1
20 silly idealTree:prePrune │ ├── ansi@0.3.1
20 silly idealTree:prePrune │ ├── are-we-there-yet@1.1.2
20 silly idealTree:prePrune │ ├── asn1@0.2.3
20 silly idealTree:prePrune │ ├── assert-plus@0.2.0
20 silly idealTree:prePrune │ ├── async@1.5.2
20 silly idealTree:prePrune │ ├── aws-sign2@0.6.0
20 silly idealTree:prePrune │ ├─┬ aws4@1.3.2
20 silly idealTree:prePrune │ │ └─┬ lru-cache@4.0.1
20 silly idealTree:prePrune │ │   ├── pseudomap@1.0.2
20 silly idealTree:prePrune │ │   └── yallist@2.0.0
20 silly idealTree:prePrune │ ├── bl@1.0.3
20 silly idealTree:prePrune │ ├── block-stream@0.0.8
20 silly idealTree:prePrune │ ├── boom@2.10.1
20 silly idealTree:prePrune │ ├── caseless@0.11.0
20 silly idealTree:prePrune │ ├── chalk@1.1.3
20 silly idealTree:prePrune │ ├── combined-stream@1.0.5
20 silly idealTree:prePrune │ ├── commander@2.9.0
20 silly idealTree:prePrune │ ├── core-util-is@1.0.2
20 silly idealTree:prePrune │ ├── cryptiles@2.0.5
20 silly idealTree:prePrune │ ├─┬ dashdash@1.13.0
20 silly idealTree:prePrune │ │ └── assert-plus@1.0.0
20 silly idealTree:prePrune │ ├── debug@2.2.0
20 silly idealTree:prePrune │ ├── deep-extend@0.4.1
20 silly idealTree:prePrune │ ├── delayed-stream@1.0.0
20 silly idealTree:prePrune │ ├── delegates@1.0.0
20 silly idealTree:prePrune │ ├── ecc-jsbn@0.1.1
20 silly idealTree:prePrune │ ├── escape-string-regexp@1.0.5
20 silly idealTree:prePrune │ ├── extend@3.0.0
20 silly idealTree:prePrune │ ├── extsprintf@1.0.2
20 silly idealTree:prePrune │ ├── forever-agent@0.6.1
20 silly idealTree:prePrune │ ├── form-data@1.0.0-rc4
20 silly idealTree:prePrune │ ├─┬ fstream-ignore@1.0.3
20 silly idealTree:prePrune │ │ └─┬ minimatch@3.0.0
20 silly idealTree:prePrune │ │   └─┬ brace-expansion@1.1.3
20 silly idealTree:prePrune │ │     ├── balanced-match@0.3.0
20 silly idealTree:prePrune │ │     └── concat-map@0.0.1
20 silly idealTree:prePrune │ ├── fstream@1.0.8
20 silly idealTree:prePrune │ ├── gauge@1.2.7
20 silly idealTree:prePrune │ ├── generate-function@2.0.0
20 silly idealTree:prePrune │ ├── generate-object-property@1.2.0
20 silly idealTree:prePrune │ ├── graceful-fs@4.1.3
20 silly idealTree:prePrune │ ├── graceful-readlink@1.0.1
20 silly idealTree:prePrune │ ├── har-validator@2.0.6
20 silly idealTree:prePrune │ ├── has-ansi@2.0.0
20 silly idealTree:prePrune │ ├── has-unicode@2.0.0
20 silly idealTree:prePrune │ ├── hawk@3.1.3
20 silly idealTree:prePrune │ ├── hoek@2.16.3
20 silly idealTree:prePrune │ ├── http-signature@1.1.1
20 silly idealTree:prePrune │ ├── inherits@2.0.1
20 silly idealTree:prePrune │ ├── ini@1.3.4
20 silly idealTree:prePrune │ ├── is-my-json-valid@2.13.1
20 silly idealTree:prePrune │ ├── is-property@1.0.2
20 silly idealTree:prePrune │ ├── is-typedarray@1.0.0
20 silly idealTree:prePrune │ ├── isarray@1.0.0
20 silly idealTree:prePrune │ ├── isstream@0.1.2
20 silly idealTree:prePrune │ ├── jodid25519@1.0.2
20 silly idealTree:prePrune │ ├── jsbn@0.1.0
20 silly idealTree:prePrune │ ├── json-schema@0.2.2
20 silly idealTree:prePrune │ ├── json-stringify-safe@5.0.1
20 silly idealTree:prePrune │ ├── jsonpointer@2.0.0
20 silly idealTree:prePrune │ ├── jsprim@1.2.2
20 silly idealTree:prePrune │ ├── lodash.pad@4.1.0
20 silly idealTree:prePrune │ ├── lodash.padend@4.2.0
20 silly idealTree:prePrune │ ├── lodash.padstart@4.2.0
20 silly idealTree:prePrune │ ├── lodash.repeat@4.0.0
20 silly idealTree:prePrune │ ├── lodash.tostring@4.1.2
20 silly idealTree:prePrune │ ├── mime-db@1.22.0
20 silly idealTree:prePrune │ ├── mime-types@2.1.10
20 silly idealTree:prePrune │ ├── minimist@0.0.8
20 silly idealTree:prePrune │ ├── mkdirp@0.5.1
20 silly idealTree:prePrune │ ├── ms@0.7.1
20 silly idealTree:prePrune │ ├─┬ node-pre-gyp@0.6.25
20 silly idealTree:prePrune │ │ └─┬ nopt@3.0.6
20 silly idealTree:prePrune │ │   └── abbrev@1.0.7
20 silly idealTree:prePrune │ ├── node-uuid@1.4.7
20 silly idealTree:prePrune │ ├── npmlog@2.0.3
20 silly idealTree:prePrune │ ├── oauth-sign@0.8.1
20 silly idealTree:prePrune │ ├── once@1.3.3
20 silly idealTree:prePrune │ ├── pinkie-promise@2.0.0
20 silly idealTree:prePrune │ ├── pinkie@2.0.4
20 silly idealTree:prePrune │ ├── process-nextick-args@1.0.6
20 silly idealTree:prePrune │ ├── qs@6.0.2
20 silly idealTree:prePrune │ ├─┬ rc@1.1.6
20 silly idealTree:prePrune │ │ └── minimist@1.2.0
20 silly idealTree:prePrune │ ├── readable-stream@2.0.6
20 silly idealTree:prePrune │ ├── request@2.69.0
20 silly idealTree:prePrune │ ├─┬ rimraf@2.5.2
20 silly idealTree:prePrune │ │ └─┬ glob@7.0.3
20 silly idealTree:prePrune │ │   ├─┬ inflight@1.0.4
20 silly idealTree:prePrune │ │   │ └── wrappy@1.0.1
20 silly idealTree:prePrune │ │   ├── inherits@2.0.1
20 silly idealTree:prePrune │ │   ├─┬ minimatch@3.0.0
20 silly idealTree:prePrune │ │   │ └─┬ brace-expansion@1.1.3
20 silly idealTree:prePrune │ │   │   ├── balanced-match@0.3.0
20 silly idealTree:prePrune │ │   │   └── concat-map@0.0.1
20 silly idealTree:prePrune │ │   ├─┬ once@1.3.3
20 silly idealTree:prePrune │ │   │ └── wrappy@1.0.1
20 silly idealTree:prePrune │ │   └── path-is-absolute@1.0.0
20 silly idealTree:prePrune │ ├── semver@5.1.0
20 silly idealTree:prePrune │ ├── sntp@1.0.9
20 silly idealTree:prePrune │ ├── sshpk@1.7.4
20 silly idealTree:prePrune │ ├── string_decoder@0.10.31
20 silly idealTree:prePrune │ ├── stringstream@0.0.5
20 silly idealTree:prePrune │ ├── strip-ansi@3.0.1
20 silly idealTree:prePrune │ ├── strip-json-comments@1.0.4
20 silly idealTree:prePrune │ ├── supports-color@2.0.0
20 silly idealTree:prePrune │ ├── tar-pack@3.1.3
20 silly idealTree:prePrune │ ├── tar@2.2.1
20 silly idealTree:prePrune │ ├── tough-cookie@2.2.2
20 silly idealTree:prePrune │ ├── tunnel-agent@0.4.2
20 silly idealTree:prePrune │ ├── tweetnacl@0.14.3
20 silly idealTree:prePrune │ ├── uid-number@0.0.6
20 silly idealTree:prePrune │ ├── util-deprecate@1.0.2
20 silly idealTree:prePrune │ ├── verror@1.3.6
20 silly idealTree:prePrune │ ├── wrappy@1.0.1
20 silly idealTree:prePrune │ └── xtend@4.0.1
20 silly idealTree:prePrune ├── gaze@0.5.2
20 silly idealTree:prePrune ├── get-stdin@4.0.1
20 silly idealTree:prePrune ├── git-config@0.0.7
20 silly idealTree:prePrune ├── glob-base@0.3.0
20 silly idealTree:prePrune ├── glob-parent@2.0.0
20 silly idealTree:prePrune ├─┬ glob-stream@3.1.18
20 silly idealTree:prePrune │ ├── glob@4.5.3
20 silly idealTree:prePrune │ ├── readable-stream@1.0.34
20 silly idealTree:prePrune │ └── through2@0.6.5
20 silly idealTree:prePrune ├── glob-watcher@0.0.6
20 silly idealTree:prePrune ├── glob@5.0.15
20 silly idealTree:prePrune ├── glob2base@0.0.12
20 silly idealTree:prePrune ├── globals@8.18.0
20 silly idealTree:prePrune ├─┬ globule@0.1.0
20 silly idealTree:prePrune │ ├── glob@3.1.21
20 silly idealTree:prePrune │ ├── graceful-fs@1.2.3
20 silly idealTree:prePrune │ ├── inherits@1.0.2
20 silly idealTree:prePrune │ ├── lodash@1.0.2
20 silly idealTree:prePrune │ └── minimatch@0.2.14
20 silly idealTree:prePrune ├── glogg@1.0.0
20 silly idealTree:prePrune ├── graceful-fs@4.1.3
20 silly idealTree:prePrune ├── gulp-babel@6.1.2
20 silly idealTree:prePrune ├── gulp-batch@1.0.5
20 silly idealTree:prePrune ├─┬ gulp-util@3.0.7
20 silly idealTree:prePrune │ └── object-assign@3.0.0
20 silly idealTree:prePrune ├─┬ gulp-watch@4.3.5
20 silly idealTree:prePrune │ ├── isarray@1.0.0
20 silly idealTree:prePrune │ └── readable-stream@2.1.0
20 silly idealTree:prePrune ├─┬ gulp@3.9.1
20 silly idealTree:prePrune │ └── semver@4.3.6
20 silly idealTree:prePrune ├── gulplog@1.0.0
20 silly idealTree:prePrune ├─┬ handlebars@4.0.5
20 silly idealTree:prePrune │ └── source-map@0.4.4
20 silly idealTree:prePrune ├── has-ansi@2.0.0
20 silly idealTree:prePrune ├── has-gulplog@0.1.0
20 silly idealTree:prePrune ├── home-or-tmp@1.0.0
20 silly idealTree:prePrune ├── hosted-git-info@2.1.4
20 silly idealTree:prePrune ├── in-publish@2.0.0
20 silly idealTree:prePrune ├─┬ indent-string@2.1.0
20 silly idealTree:prePrune │ └── repeating@2.0.1
20 silly idealTree:prePrune ├── inflight@1.0.4
20 silly idealTree:prePrune ├── inherits@2.0.1
20 silly idealTree:prePrune ├── iniparser@1.0.5
20 silly idealTree:prePrune ├─┬ inline-process-browser@2.0.1
20 silly idealTree:prePrune │ ├── readable-stream@1.0.34
20 silly idealTree:prePrune │ └── through2@0.6.5
20 silly idealTree:prePrune ├── inquirer@0.11.4
20 silly idealTree:prePrune ├── interpret@1.0.0
20 silly idealTree:prePrune ├── invariant@2.2.1
20 silly idealTree:prePrune ├── is-arrayish@0.2.1
20 silly idealTree:prePrune ├── is-binary-path@1.0.1
20 silly idealTree:prePrune ├── is-buffer@1.1.3
20 silly idealTree:prePrune ├── is-builtin-module@1.0.0
20 silly idealTree:prePrune ├── is-dotfile@1.0.2
20 silly idealTree:prePrune ├── is-equal-shallow@0.1.3
20 silly idealTree:prePrune ├── is-extendable@0.1.1
20 silly idealTree:prePrune ├── is-extglob@1.0.0
20 silly idealTree:prePrune ├── is-finite@1.0.1
20 silly idealTree:prePrune ├── is-fullwidth-code-point@1.0.0
20 silly idealTree:prePrune ├── is-glob@2.0.1
20 silly idealTree:prePrune ├── is-integer@1.0.6
20 silly idealTree:prePrune ├── is-number@2.1.0
20 silly idealTree:prePrune ├── is-posix-bracket@0.1.1
20 silly idealTree:prePrune ├── is-primitive@2.0.0
20 silly idealTree:prePrune ├── is-utf8@0.2.1
20 silly idealTree:prePrune ├── isarray@0.0.1
20 silly idealTree:prePrune ├── isobject@2.0.0
20 silly idealTree:prePrune ├── js-tokens@1.0.3
20 silly idealTree:prePrune ├── jsesc@0.5.0
20 silly idealTree:prePrune ├── json5@0.4.0
20 silly idealTree:prePrune ├── jsonfile@2.3.0
20 silly idealTree:prePrune ├── kind-of@3.0.2
20 silly idealTree:prePrune ├── klaw@1.2.0
20 silly idealTree:prePrune ├── lazy-cache@1.0.3
20 silly idealTree:prePrune ├── liftoff@2.2.1
20 silly idealTree:prePrune ├── load-json-file@1.1.0
20 silly idealTree:prePrune ├── lodash._basecopy@3.0.1
20 silly idealTree:prePrune ├── lodash._basetostring@3.0.1
20 silly idealTree:prePrune ├── lodash._basevalues@3.0.0
20 silly idealTree:prePrune ├── lodash._getnative@3.9.1
20 silly idealTree:prePrune ├── lodash._isiterateecall@3.0.9
20 silly idealTree:prePrune ├── lodash._reescape@3.0.0
20 silly idealTree:prePrune ├── lodash._reevaluate@3.0.0
20 silly idealTree:prePrune ├── lodash._reinterpolate@3.0.0
20 silly idealTree:prePrune ├── lodash._root@3.0.1
20 silly idealTree:prePrune ├── lodash.escape@3.2.0
20 silly idealTree:prePrune ├── lodash.isarguments@3.0.8
20 silly idealTree:prePrune ├── lodash.isarray@3.0.4
20 silly idealTree:prePrune ├── lodash.keys@3.1.2
20 silly idealTree:prePrune ├── lodash.restparam@3.6.1
20 silly idealTree:prePrune ├── lodash.template@3.6.2
20 silly idealTree:prePrune ├── lodash.templatesettings@3.1.1
20 silly idealTree:prePrune ├── lodash@3.10.1
20 silly idealTree:prePrune ├── longest@1.0.1
20 silly idealTree:prePrune ├── loose-envify@1.1.0
20 silly idealTree:prePrune ├── loud-rejection@1.3.0
20 silly idealTree:prePrune ├── lru-cache@2.7.3
20 silly idealTree:prePrune ├── map-obj@1.0.1
20 silly idealTree:prePrune ├── meow@3.7.0
20 silly idealTree:prePrune ├── micromatch@2.3.7
20 silly idealTree:prePrune ├── minimatch@2.0.10
20 silly idealTree:prePrune ├── minimist@1.2.0
20 silly idealTree:prePrune ├─┬ mkdirp@0.5.1
20 silly idealTree:prePrune │ └── minimist@0.0.8
20 silly idealTree:prePrune ├── ms@0.7.1
20 silly idealTree:prePrune ├── multipipe@0.1.2
20 silly idealTree:prePrune ├── mute-stream@0.0.5
20 silly idealTree:prePrune ├── nan@2.2.1
20 silly idealTree:prePrune ├── neon-cli@0.1.7
20 silly idealTree:prePrune ├── next-tick@0.2.2
20 silly idealTree:prePrune ├── normalize-package-data@2.3.5
20 silly idealTree:prePrune ├── normalize-path@2.0.1
20 silly idealTree:prePrune ├── number-is-nan@1.0.0
20 silly idealTree:prePrune ├── object-assign@4.0.1
20 silly idealTree:prePrune ├── object-keys@1.0.9
20 silly idealTree:prePrune ├── object.omit@2.0.0
20 silly idealTree:prePrune ├── once@1.3.3
20 silly idealTree:prePrune ├── onetime@1.1.0
20 silly idealTree:prePrune ├─┬ optimist@0.6.1
20 silly idealTree:prePrune │ └── minimist@0.0.10
20 silly idealTree:prePrune ├── orchestrator@0.3.7
20 silly idealTree:prePrune ├── ordered-read-streams@0.1.0
20 silly idealTree:prePrune ├── os-homedir@1.0.1
20 silly idealTree:prePrune ├── os-tmpdir@1.0.1
20 silly idealTree:prePrune ├── parse-glob@3.0.4
20 silly idealTree:prePrune ├── parse-json@2.2.0
20 silly idealTree:prePrune ├── path-exists@1.0.0
20 silly idealTree:prePrune ├── path-is-absolute@1.0.0
20 silly idealTree:prePrune ├── path-type@1.1.0
20 silly idealTree:prePrune ├── pify@2.3.0
20 silly idealTree:prePrune ├── pinkie-promise@2.0.1
20 silly idealTree:prePrune ├── pinkie@2.0.4
20 silly idealTree:prePrune ├── preserve@0.2.0
20 silly idealTree:prePrune ├── pretty-hrtime@1.0.2
20 silly idealTree:prePrune ├── private@0.1.6
20 silly idealTree:prePrune ├── process-nextick-args@1.0.6
20 silly idealTree:prePrune ├── randomatic@1.1.5
20 silly idealTree:prePrune ├── read-pkg-up@1.0.1
20 silly idealTree:prePrune ├── read-pkg@1.1.0
20 silly idealTree:prePrune ├── readable-stream@1.1.14
20 silly idealTree:prePrune ├─┬ readdirp@2.0.0
20 silly idealTree:prePrune │ ├── isarray@1.0.0
20 silly idealTree:prePrune │ └── readable-stream@2.1.0
20 silly idealTree:prePrune ├── readline2@1.0.1
20 silly idealTree:prePrune ├── recast@0.11.5
20 silly idealTree:prePrune ├── rechoir@0.6.2
20 silly idealTree:prePrune ├── redent@1.0.0
20 silly idealTree:prePrune ├── regenerate@1.2.1
20 silly idealTree:prePrune ├── regex-cache@0.4.3
20 silly idealTree:prePrune ├── regexpu-core@1.0.0
20 silly idealTree:prePrune ├── regjsgen@0.2.0
20 silly idealTree:prePrune ├── regjsparser@0.1.5
20 silly idealTree:prePrune ├── repeat-element@1.1.2
20 silly idealTree:prePrune ├── repeat-string@1.5.4
20 silly idealTree:prePrune ├── repeating@1.1.3
20 silly idealTree:prePrune ├── replace-ext@0.0.1
20 silly idealTree:prePrune ├── resolve@1.1.7
20 silly idealTree:prePrune ├── restore-cursor@1.0.1
20 silly idealTree:prePrune ├── right-align@0.1.3
20 silly idealTree:prePrune ├─┬ rimraf@2.5.2
20 silly idealTree:prePrune │ └── glob@7.0.3
20 silly idealTree:prePrune ├── rsvp@3.2.1
20 silly idealTree:prePrune ├── run-async@0.1.0
20 silly idealTree:prePrune ├── rx-lite@3.1.2
20 silly idealTree:prePrune ├── semver@5.1.0
20 silly idealTree:prePrune ├── sequencify@0.0.7
20 silly idealTree:prePrune ├── shallow-copy@0.0.1
20 silly idealTree:prePrune ├── shebang-regex@1.0.0
20 silly idealTree:prePrune ├── sigmund@1.0.1
20 silly idealTree:prePrune ├── signal-exit@2.1.2
20 silly idealTree:prePrune ├── slash@1.0.0
20 silly idealTree:prePrune ├─┬ source-map-support@0.2.10
20 silly idealTree:prePrune │ └── source-map@0.1.32
20 silly idealTree:prePrune ├── source-map@0.5.3
20 silly idealTree:prePrune ├── sparkles@1.0.0
20 silly idealTree:prePrune ├── spdx-correct@1.0.2
20 silly idealTree:prePrune ├── spdx-exceptions@1.0.4
20 silly idealTree:prePrune ├── spdx-expression-parse@1.0.2
20 silly idealTree:prePrune ├── spdx-license-ids@1.2.1
20 silly idealTree:prePrune ├─┬ stream-array@1.1.1
20 silly idealTree:prePrune │ ├── isarray@1.0.0
20 silly idealTree:prePrune │ └── readable-stream@2.0.6
20 silly idealTree:prePrune ├── stream-consume@0.1.0
20 silly idealTree:prePrune ├── stream-exhaust@1.0.1
20 silly idealTree:prePrune ├── string_decoder@0.10.31
20 silly idealTree:prePrune ├── string-width@1.0.1
20 silly idealTree:prePrune ├── strip-ansi@3.0.1
20 silly idealTree:prePrune ├── strip-bom-stream@1.0.0
20 silly idealTree:prePrune ├── strip-bom@2.0.0
20 silly idealTree:prePrune ├── strip-indent@1.0.1
20 silly idealTree:prePrune ├── supports-color@2.0.0
20 silly idealTree:prePrune ├── through@2.3.8
20 silly idealTree:prePrune ├─┬ through2@2.0.1
20 silly idealTree:prePrune │ ├── isarray@1.0.0
20 silly idealTree:prePrune │ └── readable-stream@2.0.6
20 silly idealTree:prePrune ├── tildify@1.2.0
20 silly idealTree:prePrune ├── time-stamp@1.0.1
20 silly idealTree:prePrune ├── to-fast-properties@1.0.2
20 silly idealTree:prePrune ├── toml@2.3.0
20 silly idealTree:prePrune ├── trim-newlines@1.0.0
20 silly idealTree:prePrune ├── trim-right@1.0.1
20 silly idealTree:prePrune ├─┬ uglify-js@2.6.2
20 silly idealTree:prePrune │ └── async@0.2.10
20 silly idealTree:prePrune ├── uglify-to-browserify@1.0.2
20 silly idealTree:prePrune ├── unique-stream@1.0.0
20 silly idealTree:prePrune ├── unreachable-branch-transform@0.5.1
20 silly idealTree:prePrune ├── user-home@1.1.1
20 silly idealTree:prePrune ├── util-deprecate@1.0.2
20 silly idealTree:prePrune ├── v8flags@2.0.11
20 silly idealTree:prePrune ├── validate-npm-package-license@3.0.1
20 silly idealTree:prePrune ├── validate-npm-package-name@2.2.2
20 silly idealTree:prePrune ├─┬ vinyl-file@1.3.0
20 silly idealTree:prePrune │ └── vinyl@1.1.1
20 silly idealTree:prePrune ├─┬ vinyl-fs@0.3.14
20 silly idealTree:prePrune │ ├── clone@0.2.0
20 silly idealTree:prePrune │ ├── graceful-fs@3.0.8
20 silly idealTree:prePrune │ ├── readable-stream@1.0.34
20 silly idealTree:prePrune │ ├── strip-bom@1.0.0
20 silly idealTree:prePrune │ ├── through2@0.6.5
20 silly idealTree:prePrune │ └── vinyl@0.4.6
20 silly idealTree:prePrune ├── vinyl-sourcemaps-apply@0.2.1
20 silly idealTree:prePrune ├── vinyl@0.5.3
20 silly idealTree:prePrune ├── window-size@0.1.0
20 silly idealTree:prePrune ├── wordwrap@0.0.3
20 silly idealTree:prePrune ├── wrappy@1.0.1
20 silly idealTree:prePrune ├── xtend@4.0.1
20 silly idealTree:prePrune └─┬ yargs@3.10.0
20 silly idealTree:prePrune   └── camelcase@1.2.1
21 silly loadIdealTree Finishing
22 silly currentTree rusty_node@0.1.0
22 silly currentTree ├── acorn@1.2.2
22 silly currentTree ├── align-text@0.1.4
22 silly currentTree ├── amdefine@1.0.0
22 silly currentTree ├── ansi-escapes@1.4.0
22 silly currentTree ├── ansi-regex@2.0.0
22 silly currentTree ├── ansi-styles@2.2.1
22 silly currentTree ├── anymatch@1.3.0
22 silly currentTree ├── archy@1.0.0
22 silly currentTree ├── arr-diff@2.0.0
22 silly currentTree ├── arr-flatten@1.0.1
22 silly currentTree ├── array-differ@1.0.0
22 silly currentTree ├── array-find-index@1.0.1
22 silly currentTree ├── array-uniq@1.0.2
22 silly currentTree ├── array-unique@0.2.1
22 silly currentTree ├── arrify@1.0.1
22 silly currentTree ├── ast-types@0.8.16
22 silly currentTree ├─┬ async-done@1.2.0
22 silly currentTree │ └── end-of-stream@1.1.0
22 silly currentTree ├── async-each@1.0.0
22 silly currentTree ├── async@1.5.2
22 silly currentTree ├── babel-code-frame@6.7.5
22 silly currentTree ├── babel-core@6.7.6
22 silly currentTree ├── babel-generator@6.7.5
22 silly currentTree ├── babel-helper-call-delegate@6.6.5
22 silly currentTree ├── babel-helper-define-map@6.6.5
22 silly currentTree ├── babel-helper-function-name@6.6.0
22 silly currentTree ├── babel-helper-get-function-arity@6.6.5
22 silly currentTree ├── babel-helper-hoist-variables@6.6.5
22 silly currentTree ├── babel-helper-optimise-call-expression@6.6.0
22 silly currentTree ├── babel-helper-regex@6.6.5
22 silly currentTree ├── babel-helper-replace-supers@6.7.0
22 silly currentTree ├── babel-helpers@6.6.0
22 silly currentTree ├── babel-messages@6.7.2
22 silly currentTree ├── babel-plugin-check-es2015-constants@6.7.2
22 silly currentTree ├── babel-plugin-syntax-async-functions@6.5.0
22 silly currentTree ├── babel-plugin-transform-es2015-arrow-functions@6.5.2
22 silly currentTree ├── babel-plugin-transform-es2015-block-scoped-functions@6.6.5
22 silly currentTree ├── babel-plugin-transform-es2015-block-scoping@6.7.1
22 silly currentTree ├── babel-plugin-transform-es2015-classes@6.6.5
22 silly currentTree ├── babel-plugin-transform-es2015-computed-properties@6.6.5
22 silly currentTree ├── babel-plugin-transform-es2015-destructuring@6.6.5
22 silly currentTree ├── babel-plugin-transform-es2015-duplicate-keys@6.6.4
22 silly currentTree ├── babel-plugin-transform-es2015-for-of@6.6.0
22 silly currentTree ├── babel-plugin-transform-es2015-function-name@6.5.0
22 silly currentTree ├── babel-plugin-transform-es2015-literals@6.5.0
22 silly currentTree ├── babel-plugin-transform-es2015-modules-commonjs@6.7.4
22 silly currentTree ├── babel-plugin-transform-es2015-object-super@6.6.5
22 silly currentTree ├── babel-plugin-transform-es2015-parameters@6.7.0
22 silly currentTree ├── babel-plugin-transform-es2015-shorthand-properties@6.5.0
22 silly currentTree ├── babel-plugin-transform-es2015-spread@6.6.5
22 silly currentTree ├── babel-plugin-transform-es2015-sticky-regex@6.5.0
22 silly currentTree ├── babel-plugin-transform-es2015-template-literals@6.6.5
22 silly currentTree ├── babel-plugin-transform-es2015-typeof-symbol@6.6.0
22 silly currentTree ├── babel-plugin-transform-es2015-unicode-regex@6.5.0
22 silly currentTree ├── babel-plugin-transform-regenerator@6.6.5
22 silly currentTree ├── babel-plugin-transform-strict-mode@6.6.5
22 silly currentTree ├── babel-preset-es2015@6.6.0
22 silly currentTree ├─┬ babel-register@6.7.2
22 silly currentTree │ └── core-js@2.2.2
22 silly currentTree ├── babel-runtime@5.8.38
22 silly currentTree ├── babel-template@6.7.0
22 silly currentTree ├── babel-traverse@6.7.6
22 silly currentTree ├── babel-types@6.7.2
22 silly currentTree ├── babylon@6.7.0
22 silly currentTree ├── balanced-match@0.3.0
22 silly currentTree ├── beeper@1.1.0
22 silly currentTree ├── binary-extensions@1.4.0
22 silly currentTree ├── brace-expansion@1.1.3
22 silly currentTree ├── braces@1.8.3
22 silly currentTree ├── builtin-modules@1.1.1
22 silly currentTree ├── builtins@0.0.7
22 silly currentTree ├── camelcase-keys@2.1.0
22 silly currentTree ├── camelcase@2.1.1
22 silly currentTree ├── center-align@0.1.3
22 silly currentTree ├── chalk@1.1.3
22 silly currentTree ├── chokidar@1.4.3
22 silly currentTree ├── cli-cursor@1.0.2
22 silly currentTree ├── cli-width@1.1.1
22 silly currentTree ├─┬ cliui@2.1.0
22 silly currentTree │ └── wordwrap@0.0.2
22 silly currentTree ├── clone-stats@0.0.1
22 silly currentTree ├── clone@1.0.2
22 silly currentTree ├── code-point-at@1.0.0
22 silly currentTree ├── concat-map@0.0.1
22 silly currentTree ├── convert-source-map@1.2.0
22 silly currentTree ├── core-js@1.2.6
22 silly currentTree ├── core-util-is@1.0.2
22 silly currentTree ├── dateformat@1.0.12
22 silly currentTree ├── debug@2.2.0
22 silly currentTree ├── decamelize@1.2.0
22 silly currentTree ├── defaults@1.0.3
22 silly currentTree ├── deprecated@0.0.1
22 silly currentTree ├── detect-indent@3.0.1
22 silly currentTree ├── duplexer2@0.0.2
22 silly currentTree ├── end-of-stream@0.1.5
22 silly currentTree ├── error-ex@1.3.0
22 silly currentTree ├── escape-string-regexp@1.0.5
22 silly currentTree ├── esmangle-evaluator@1.0.0
22 silly currentTree ├── esprima@2.7.2
22 silly currentTree ├── esutils@2.0.2
22 silly currentTree ├── exit-hook@1.1.1
22 silly currentTree ├── expand-brackets@0.1.5
22 silly currentTree ├── expand-range@1.8.1
22 silly currentTree ├── extend@2.0.1
22 silly currentTree ├── extglob@0.3.2
22 silly currentTree ├── falafel@1.2.0
22 silly currentTree ├── fancy-log@1.2.0
22 silly currentTree ├── figures@1.5.0
22 silly currentTree ├── filename-regex@2.0.0
22 silly currentTree ├── fill-range@2.2.3
22 silly currentTree ├── find-index@0.1.1
22 silly currentTree ├─┬ find-up@1.1.2
22 silly currentTree │ └── path-exists@2.1.0
22 silly currentTree ├── findup-sync@0.3.0
22 silly currentTree ├── first-chunk-stream@1.0.0
22 silly currentTree ├── flagged-respawn@0.3.2
22 silly currentTree ├── for-in@0.1.5
22 silly currentTree ├── for-own@0.1.4
22 silly currentTree ├── foreach@2.0.5
22 silly currentTree ├── fs-extra@0.26.7
22 silly currentTree ├─┬ fsevents@1.0.11
22 silly currentTree │ ├── ansi-regex@2.0.0
22 silly currentTree │ ├── ansi-styles@2.2.1
22 silly currentTree │ ├── ansi@0.3.1
22 silly currentTree │ ├── are-we-there-yet@1.1.2
22 silly currentTree │ ├── asn1@0.2.3
22 silly currentTree │ ├── assert-plus@0.2.0
22 silly currentTree │ ├── async@1.5.2
22 silly currentTree │ ├── aws-sign2@0.6.0
22 silly currentTree │ ├─┬ aws4@1.3.2
22 silly currentTree │ │ └─┬ lru-cache@4.0.1
22 silly currentTree │ │   ├── pseudomap@1.0.2
22 silly currentTree │ │   └── yallist@2.0.0
22 silly currentTree │ ├── bl@1.0.3
22 silly currentTree │ ├── block-stream@0.0.8
22 silly currentTree │ ├── boom@2.10.1
22 silly currentTree │ ├── caseless@0.11.0
22 silly currentTree │ ├── chalk@1.1.3
22 silly currentTree │ ├── combined-stream@1.0.5
22 silly currentTree │ ├── commander@2.9.0
22 silly currentTree │ ├── core-util-is@1.0.2
22 silly currentTree │ ├── cryptiles@2.0.5
22 silly currentTree │ ├─┬ dashdash@1.13.0
22 silly currentTree │ │ └── assert-plus@1.0.0
22 silly currentTree │ ├── debug@2.2.0
22 silly currentTree │ ├── deep-extend@0.4.1
22 silly currentTree │ ├── delayed-stream@1.0.0
22 silly currentTree │ ├── delegates@1.0.0
22 silly currentTree │ ├── ecc-jsbn@0.1.1
22 silly currentTree │ ├── escape-string-regexp@1.0.5
22 silly currentTree │ ├── extend@3.0.0
22 silly currentTree │ ├── extsprintf@1.0.2
22 silly currentTree │ ├── forever-agent@0.6.1
22 silly currentTree │ ├── form-data@1.0.0-rc4
22 silly currentTree │ ├─┬ fstream-ignore@1.0.3
22 silly currentTree │ │ └─┬ minimatch@3.0.0
22 silly currentTree │ │   └─┬ brace-expansion@1.1.3
22 silly currentTree │ │     ├── balanced-match@0.3.0
22 silly currentTree │ │     └── concat-map@0.0.1
22 silly currentTree │ ├── fstream@1.0.8
22 silly currentTree │ ├── gauge@1.2.7
22 silly currentTree │ ├── generate-function@2.0.0
22 silly currentTree │ ├── generate-object-property@1.2.0
22 silly currentTree │ ├── graceful-fs@4.1.3
22 silly currentTree │ ├── graceful-readlink@1.0.1
22 silly currentTree │ ├── har-validator@2.0.6
22 silly currentTree │ ├── has-ansi@2.0.0
22 silly currentTree │ ├── has-unicode@2.0.0
22 silly currentTree │ ├── hawk@3.1.3
22 silly currentTree │ ├── hoek@2.16.3
22 silly currentTree │ ├── http-signature@1.1.1
22 silly currentTree │ ├── inherits@2.0.1
22 silly currentTree │ ├── ini@1.3.4
22 silly currentTree │ ├── is-my-json-valid@2.13.1
22 silly currentTree │ ├── is-property@1.0.2
22 silly currentTree │ ├── is-typedarray@1.0.0
22 silly currentTree │ ├── isarray@1.0.0
22 silly currentTree │ ├── isstream@0.1.2
22 silly currentTree │ ├── jodid25519@1.0.2
22 silly currentTree │ ├── jsbn@0.1.0
22 silly currentTree │ ├── json-schema@0.2.2
22 silly currentTree │ ├── json-stringify-safe@5.0.1
22 silly currentTree │ ├── jsonpointer@2.0.0
22 silly currentTree │ ├── jsprim@1.2.2
22 silly currentTree │ ├── lodash.pad@4.1.0
22 silly currentTree │ ├── lodash.padend@4.2.0
22 silly currentTree │ ├── lodash.padstart@4.2.0
22 silly currentTree │ ├── lodash.repeat@4.0.0
22 silly currentTree │ ├── lodash.tostring@4.1.2
22 silly currentTree │ ├── mime-db@1.22.0
22 silly currentTree │ ├── mime-types@2.1.10
22 silly currentTree │ ├── minimist@0.0.8
22 silly currentTree │ ├── mkdirp@0.5.1
22 silly currentTree │ ├── ms@0.7.1
22 silly currentTree │ ├─┬ node-pre-gyp@0.6.25
22 silly currentTree │ │ └─┬ nopt@3.0.6
22 silly currentTree │ │   └── abbrev@1.0.7
22 silly currentTree │ ├── node-uuid@1.4.7
22 silly currentTree │ ├── npmlog@2.0.3
22 silly currentTree │ ├── oauth-sign@0.8.1
22 silly currentTree │ ├── once@1.3.3
22 silly currentTree │ ├── pinkie-promise@2.0.0
22 silly currentTree │ ├── pinkie@2.0.4
22 silly currentTree │ ├── process-nextick-args@1.0.6
22 silly currentTree │ ├── qs@6.0.2
22 silly currentTree │ ├─┬ rc@1.1.6
22 silly currentTree │ │ └── minimist@1.2.0
22 silly currentTree │ ├── readable-stream@2.0.6
22 silly currentTree │ ├── request@2.69.0
22 silly currentTree │ ├─┬ rimraf@2.5.2
22 silly currentTree │ │ └─┬ glob@7.0.3
22 silly currentTree │ │   ├─┬ inflight@1.0.4
22 silly currentTree │ │   │ └── wrappy@1.0.1
22 silly currentTree │ │   ├── inherits@2.0.1
22 silly currentTree │ │   ├─┬ minimatch@3.0.0
22 silly currentTree │ │   │ └─┬ brace-expansion@1.1.3
22 silly currentTree │ │   │   ├── balanced-match@0.3.0
22 silly currentTree │ │   │   └── concat-map@0.0.1
22 silly currentTree │ │   ├─┬ once@1.3.3
22 silly currentTree │ │   │ └── wrappy@1.0.1
22 silly currentTree │ │   └── path-is-absolute@1.0.0
22 silly currentTree │ ├── semver@5.1.0
22 silly currentTree │ ├── sntp@1.0.9
22 silly currentTree │ ├── sshpk@1.7.4
22 silly currentTree │ ├── string_decoder@0.10.31
22 silly currentTree │ ├── stringstream@0.0.5
22 silly currentTree │ ├── strip-ansi@3.0.1
22 silly currentTree │ ├── strip-json-comments@1.0.4
22 silly currentTree │ ├── supports-color@2.0.0
22 silly currentTree │ ├── tar-pack@3.1.3
22 silly currentTree │ ├── tar@2.2.1
22 silly currentTree │ ├── tough-cookie@2.2.2
22 silly currentTree │ ├── tunnel-agent@0.4.2
22 silly currentTree │ ├── tweetnacl@0.14.3
22 silly currentTree │ ├── uid-number@0.0.6
22 silly currentTree │ ├── util-deprecate@1.0.2
22 silly currentTree │ ├── verror@1.3.6
22 silly currentTree │ ├── wrappy@1.0.1
22 silly currentTree │ └── xtend@4.0.1
22 silly currentTree ├── gaze@0.5.2
22 silly currentTree ├── get-stdin@4.0.1
22 silly currentTree ├── git-config@0.0.7
22 silly currentTree ├── glob-base@0.3.0
22 silly currentTree ├── glob-parent@2.0.0
22 silly currentTree ├─┬ glob-stream@3.1.18
22 silly currentTree │ ├── glob@4.5.3
22 silly currentTree │ ├── readable-stream@1.0.34
22 silly currentTree │ └── through2@0.6.5
22 silly currentTree ├── glob-watcher@0.0.6
22 silly currentTree ├── glob@5.0.15
22 silly currentTree ├── glob2base@0.0.12
22 silly currentTree ├── globals@8.18.0
22 silly currentTree ├─┬ globule@0.1.0
22 silly currentTree │ ├── glob@3.1.21
22 silly currentTree │ ├── graceful-fs@1.2.3
22 silly currentTree │ ├── inherits@1.0.2
22 silly currentTree │ ├── lodash@1.0.2
22 silly currentTree │ └── minimatch@0.2.14
22 silly currentTree ├── glogg@1.0.0
22 silly currentTree ├── graceful-fs@4.1.3
22 silly currentTree ├── gulp-babel@6.1.2
22 silly currentTree ├── gulp-batch@1.0.5
22 silly currentTree ├─┬ gulp-util@3.0.7
22 silly currentTree │ └── object-assign@3.0.0
22 silly currentTree ├─┬ gulp-watch@4.3.5
22 silly currentTree │ ├── isarray@1.0.0
22 silly currentTree │ └── readable-stream@2.1.0
22 silly currentTree ├─┬ gulp@3.9.1
22 silly currentTree │ └── semver@4.3.6
22 silly currentTree ├── gulplog@1.0.0
22 silly currentTree ├─┬ handlebars@4.0.5
22 silly currentTree │ └── source-map@0.4.4
22 silly currentTree ├── has-ansi@2.0.0
22 silly currentTree ├── has-gulplog@0.1.0
22 silly currentTree ├── home-or-tmp@1.0.0
22 silly currentTree ├── hosted-git-info@2.1.4
22 silly currentTree ├── in-publish@2.0.0
22 silly currentTree ├─┬ indent-string@2.1.0
22 silly currentTree │ └── repeating@2.0.1
22 silly currentTree ├── inflight@1.0.4
22 silly currentTree ├── inherits@2.0.1
22 silly currentTree ├── iniparser@1.0.5
22 silly currentTree ├─┬ inline-process-browser@2.0.1
22 silly currentTree │ ├── readable-stream@1.0.34
22 silly currentTree │ └── through2@0.6.5
22 silly currentTree ├── inquirer@0.11.4
22 silly currentTree ├── interpret@1.0.0
22 silly currentTree ├── invariant@2.2.1
22 silly currentTree ├── is-arrayish@0.2.1
22 silly currentTree ├── is-binary-path@1.0.1
22 silly currentTree ├── is-buffer@1.1.3
22 silly currentTree ├── is-builtin-module@1.0.0
22 silly currentTree ├── is-dotfile@1.0.2
22 silly currentTree ├── is-equal-shallow@0.1.3
22 silly currentTree ├── is-extendable@0.1.1
22 silly currentTree ├── is-extglob@1.0.0
22 silly currentTree ├── is-finite@1.0.1
22 silly currentTree ├── is-fullwidth-code-point@1.0.0
22 silly currentTree ├── is-glob@2.0.1
22 silly currentTree ├── is-integer@1.0.6
22 silly currentTree ├── is-number@2.1.0
22 silly currentTree ├── is-posix-bracket@0.1.1
22 silly currentTree ├── is-primitive@2.0.0
22 silly currentTree ├── is-utf8@0.2.1
22 silly currentTree ├── isarray@0.0.1
22 silly currentTree ├── isobject@2.0.0
22 silly currentTree ├── js-tokens@1.0.3
22 silly currentTree ├── jsesc@0.5.0
22 silly currentTree ├── json5@0.4.0
22 silly currentTree ├── jsonfile@2.3.0
22 silly currentTree ├── kind-of@3.0.2
22 silly currentTree ├── klaw@1.2.0
22 silly currentTree ├── lazy-cache@1.0.3
22 silly currentTree ├── liftoff@2.2.1
22 silly currentTree ├── load-json-file@1.1.0
22 silly currentTree ├── lodash._basecopy@3.0.1
22 silly currentTree ├── lodash._basetostring@3.0.1
22 silly currentTree ├── lodash._basevalues@3.0.0
22 silly currentTree ├── lodash._getnative@3.9.1
22 silly currentTree ├── lodash._isiterateecall@3.0.9
22 silly currentTree ├── lodash._reescape@3.0.0
22 silly currentTree ├── lodash._reevaluate@3.0.0
22 silly currentTree ├── lodash._reinterpolate@3.0.0
22 silly currentTree ├── lodash._root@3.0.1
22 silly currentTree ├── lodash.escape@3.2.0
22 silly currentTree ├── lodash.isarguments@3.0.8
22 silly currentTree ├── lodash.isarray@3.0.4
22 silly currentTree ├── lodash.keys@3.1.2
22 silly currentTree ├── lodash.restparam@3.6.1
22 silly currentTree ├── lodash.template@3.6.2
22 silly currentTree ├── lodash.templatesettings@3.1.1
22 silly currentTree ├── lodash@3.10.1
22 silly currentTree ├── longest@1.0.1
22 silly currentTree ├── loose-envify@1.1.0
22 silly currentTree ├── loud-rejection@1.3.0
22 silly currentTree ├── lru-cache@2.7.3
22 silly currentTree ├── map-obj@1.0.1
22 silly currentTree ├── meow@3.7.0
22 silly currentTree ├── micromatch@2.3.7
22 silly currentTree ├── minimatch@2.0.10
22 silly currentTree ├── minimist@1.2.0
22 silly currentTree ├─┬ mkdirp@0.5.1
22 silly currentTree │ └── minimist@0.0.8
22 silly currentTree ├── ms@0.7.1
22 silly currentTree ├── multipipe@0.1.2
22 silly currentTree ├── mute-stream@0.0.5
22 silly currentTree ├── nan@2.2.1
22 silly currentTree ├── neon-cli@0.1.7
22 silly currentTree ├── next-tick@0.2.2
22 silly currentTree ├── normalize-package-data@2.3.5
22 silly currentTree ├── normalize-path@2.0.1
22 silly currentTree ├── number-is-nan@1.0.0
22 silly currentTree ├── object-assign@4.0.1
22 silly currentTree ├── object-keys@1.0.9
22 silly currentTree ├── object.omit@2.0.0
22 silly currentTree ├── once@1.3.3
22 silly currentTree ├── onetime@1.1.0
22 silly currentTree ├─┬ optimist@0.6.1
22 silly currentTree │ └── minimist@0.0.10
22 silly currentTree ├── orchestrator@0.3.7
22 silly currentTree ├── ordered-read-streams@0.1.0
22 silly currentTree ├── os-homedir@1.0.1
22 silly currentTree ├── os-tmpdir@1.0.1
22 silly currentTree ├── parse-glob@3.0.4
22 silly currentTree ├── parse-json@2.2.0
22 silly currentTree ├── path-exists@1.0.0
22 silly currentTree ├── path-is-absolute@1.0.0
22 silly currentTree ├── path-type@1.1.0
22 silly currentTree ├── pify@2.3.0
22 silly currentTree ├── pinkie-promise@2.0.1
22 silly currentTree ├── pinkie@2.0.4
22 silly currentTree ├── preserve@0.2.0
22 silly currentTree ├── pretty-hrtime@1.0.2
22 silly currentTree ├── private@0.1.6
22 silly currentTree ├── process-nextick-args@1.0.6
22 silly currentTree ├── randomatic@1.1.5
22 silly currentTree ├── read-pkg-up@1.0.1
22 silly currentTree ├── read-pkg@1.1.0
22 silly currentTree ├── readable-stream@1.1.14
22 silly currentTree ├─┬ readdirp@2.0.0
22 silly currentTree │ ├── isarray@1.0.0
22 silly currentTree │ └── readable-stream@2.1.0
22 silly currentTree ├── readline2@1.0.1
22 silly currentTree ├── recast@0.11.5
22 silly currentTree ├── rechoir@0.6.2
22 silly currentTree ├── redent@1.0.0
22 silly currentTree ├── regenerate@1.2.1
22 silly currentTree ├── regex-cache@0.4.3
22 silly currentTree ├── regexpu-core@1.0.0
22 silly currentTree ├── regjsgen@0.2.0
22 silly currentTree ├── regjsparser@0.1.5
22 silly currentTree ├── repeat-element@1.1.2
22 silly currentTree ├── repeat-string@1.5.4
22 silly currentTree ├── repeating@1.1.3
22 silly currentTree ├── replace-ext@0.0.1
22 silly currentTree ├── resolve@1.1.7
22 silly currentTree ├── restore-cursor@1.0.1
22 silly currentTree ├── right-align@0.1.3
22 silly currentTree ├─┬ rimraf@2.5.2
22 silly currentTree │ └── glob@7.0.3
22 silly currentTree ├── rsvp@3.2.1
22 silly currentTree ├── run-async@0.1.0
22 silly currentTree ├── rx-lite@3.1.2
22 silly currentTree ├── semver@5.1.0
22 silly currentTree ├── sequencify@0.0.7
22 silly currentTree ├── shallow-copy@0.0.1
22 silly currentTree ├── shebang-regex@1.0.0
22 silly currentTree ├── sigmund@1.0.1
22 silly currentTree ├── signal-exit@2.1.2
22 silly currentTree ├── slash@1.0.0
22 silly currentTree ├─┬ source-map-support@0.2.10
22 silly currentTree │ └── source-map@0.1.32
22 silly currentTree ├── source-map@0.5.3
22 silly currentTree ├── sparkles@1.0.0
22 silly currentTree ├── spdx-correct@1.0.2
22 silly currentTree ├── spdx-exceptions@1.0.4
22 silly currentTree ├── spdx-expression-parse@1.0.2
22 silly currentTree ├── spdx-license-ids@1.2.1
22 silly currentTree ├─┬ stream-array@1.1.1
22 silly currentTree │ ├── isarray@1.0.0
22 silly currentTree │ └── readable-stream@2.0.6
22 silly currentTree ├── stream-consume@0.1.0
22 silly currentTree ├── stream-exhaust@1.0.1
22 silly currentTree ├── string_decoder@0.10.31
22 silly currentTree ├── string-width@1.0.1
22 silly currentTree ├── strip-ansi@3.0.1
22 silly currentTree ├── strip-bom-stream@1.0.0
22 silly currentTree ├── strip-bom@2.0.0
22 silly currentTree ├── strip-indent@1.0.1
22 silly currentTree ├── supports-color@2.0.0
22 silly currentTree ├── through@2.3.8
22 silly currentTree ├─┬ through2@2.0.1
22 silly currentTree │ ├── isarray@1.0.0
22 silly currentTree │ └── readable-stream@2.0.6
22 silly currentTree ├── tildify@1.2.0
22 silly currentTree ├── time-stamp@1.0.1
22 silly currentTree ├── to-fast-properties@1.0.2
22 silly currentTree ├── toml@2.3.0
22 silly currentTree ├── trim-newlines@1.0.0
22 silly currentTree ├── trim-right@1.0.1
22 silly currentTree ├─┬ uglify-js@2.6.2
22 silly currentTree │ └── async@0.2.10
22 silly currentTree ├── uglify-to-browserify@1.0.2
22 silly currentTree ├── unique-stream@1.0.0
22 silly currentTree ├── unreachable-branch-transform@0.5.1
22 silly currentTree ├── user-home@1.1.1
22 silly currentTree ├── util-deprecate@1.0.2
22 silly currentTree ├── v8flags@2.0.11
22 silly currentTree ├── validate-npm-package-license@3.0.1
22 silly currentTree ├── validate-npm-package-name@2.2.2
22 silly currentTree ├─┬ vinyl-file@1.3.0
22 silly currentTree │ └── vinyl@1.1.1
22 silly currentTree ├─┬ vinyl-fs@0.3.14
22 silly currentTree │ ├── clone@0.2.0
22 silly currentTree │ ├── graceful-fs@3.0.8
22 silly currentTree │ ├── readable-stream@1.0.34
22 silly currentTree │ ├── strip-bom@1.0.0
22 silly currentTree │ ├── through2@0.6.5
22 silly currentTree │ └── vinyl@0.4.6
22 silly currentTree ├── vinyl-sourcemaps-apply@0.2.1
22 silly currentTree ├── vinyl@0.5.3
22 silly currentTree ├── window-size@0.1.0
22 silly currentTree ├── wordwrap@0.0.3
22 silly currentTree ├── wrappy@1.0.1
22 silly currentTree ├── xtend@4.0.1
22 silly currentTree └─┬ yargs@3.10.0
22 silly currentTree   └── camelcase@1.2.1
23 silly idealTree rusty_node@0.1.0
23 silly idealTree ├── acorn@1.2.2
23 silly idealTree ├── align-text@0.1.4
23 silly idealTree ├── amdefine@1.0.0
23 silly idealTree ├── ansi-escapes@1.4.0
23 silly idealTree ├── ansi-regex@2.0.0
23 silly idealTree ├── ansi-styles@2.2.1
23 silly idealTree ├── anymatch@1.3.0
23 silly idealTree ├── archy@1.0.0
23 silly idealTree ├── arr-diff@2.0.0
23 silly idealTree ├── arr-flatten@1.0.1
23 silly idealTree ├── array-differ@1.0.0
23 silly idealTree ├── array-find-index@1.0.1
23 silly idealTree ├── array-uniq@1.0.2
23 silly idealTree ├── array-unique@0.2.1
23 silly idealTree ├── arrify@1.0.1
23 silly idealTree ├── ast-types@0.8.16
23 silly idealTree ├─┬ async-done@1.2.0
23 silly idealTree │ └── end-of-stream@1.1.0
23 silly idealTree ├── async-each@1.0.0
23 silly idealTree ├── async@1.5.2
23 silly idealTree ├── babel-code-frame@6.7.5
23 silly idealTree ├── babel-core@6.7.6
23 silly idealTree ├── babel-generator@6.7.5
23 silly idealTree ├── babel-helper-call-delegate@6.6.5
23 silly idealTree ├── babel-helper-define-map@6.6.5
23 silly idealTree ├── babel-helper-function-name@6.6.0
23 silly idealTree ├── babel-helper-get-function-arity@6.6.5
23 silly idealTree ├── babel-helper-hoist-variables@6.6.5
23 silly idealTree ├── babel-helper-optimise-call-expression@6.6.0
23 silly idealTree ├── babel-helper-regex@6.6.5
23 silly idealTree ├── babel-helper-replace-supers@6.7.0
23 silly idealTree ├── babel-helpers@6.6.0
23 silly idealTree ├── babel-messages@6.7.2
23 silly idealTree ├── babel-plugin-check-es2015-constants@6.7.2
23 silly idealTree ├── babel-plugin-syntax-async-functions@6.5.0
23 silly idealTree ├── babel-plugin-transform-es2015-arrow-functions@6.5.2
23 silly idealTree ├── babel-plugin-transform-es2015-block-scoped-functions@6.6.5
23 silly idealTree ├── babel-plugin-transform-es2015-block-scoping@6.7.1
23 silly idealTree ├── babel-plugin-transform-es2015-classes@6.6.5
23 silly idealTree ├── babel-plugin-transform-es2015-computed-properties@6.6.5
23 silly idealTree ├── babel-plugin-transform-es2015-destructuring@6.6.5
23 silly idealTree ├── babel-plugin-transform-es2015-duplicate-keys@6.6.4
23 silly idealTree ├── babel-plugin-transform-es2015-for-of@6.6.0
23 silly idealTree ├── babel-plugin-transform-es2015-function-name@6.5.0
23 silly idealTree ├── babel-plugin-transform-es2015-literals@6.5.0
23 silly idealTree ├── babel-plugin-transform-es2015-modules-commonjs@6.7.4
23 silly idealTree ├── babel-plugin-transform-es2015-object-super@6.6.5
23 silly idealTree ├── babel-plugin-transform-es2015-parameters@6.7.0
23 silly idealTree ├── babel-plugin-transform-es2015-shorthand-properties@6.5.0
23 silly idealTree ├── babel-plugin-transform-es2015-spread@6.6.5
23 silly idealTree ├── babel-plugin-transform-es2015-sticky-regex@6.5.0
23 silly idealTree ├── babel-plugin-transform-es2015-template-literals@6.6.5
23 silly idealTree ├── babel-plugin-transform-es2015-typeof-symbol@6.6.0
23 silly idealTree ├── babel-plugin-transform-es2015-unicode-regex@6.5.0
23 silly idealTree ├── babel-plugin-transform-regenerator@6.6.5
23 silly idealTree ├── babel-plugin-transform-strict-mode@6.6.5
23 silly idealTree ├── babel-preset-es2015@6.6.0
23 silly idealTree ├─┬ babel-register@6.7.2
23 silly idealTree │ └── core-js@2.2.2
23 silly idealTree ├── babel-runtime@5.8.38
23 silly idealTree ├── babel-template@6.7.0
23 silly idealTree ├── babel-traverse@6.7.6
23 silly idealTree ├── babel-types@6.7.2
23 silly idealTree ├── babylon@6.7.0
23 silly idealTree ├── balanced-match@0.3.0
23 silly idealTree ├── beeper@1.1.0
23 silly idealTree ├── binary-extensions@1.4.0
23 silly idealTree ├── brace-expansion@1.1.3
23 silly idealTree ├── braces@1.8.3
23 silly idealTree ├── builtin-modules@1.1.1
23 silly idealTree ├── builtins@0.0.7
23 silly idealTree ├── camelcase-keys@2.1.0
23 silly idealTree ├── camelcase@2.1.1
23 silly idealTree ├── center-align@0.1.3
23 silly idealTree ├── chalk@1.1.3
23 silly idealTree ├── chokidar@1.4.3
23 silly idealTree ├── cli-cursor@1.0.2
23 silly idealTree ├── cli-width@1.1.1
23 silly idealTree ├─┬ cliui@2.1.0
23 silly idealTree │ └── wordwrap@0.0.2
23 silly idealTree ├── clone-stats@0.0.1
23 silly idealTree ├── clone@1.0.2
23 silly idealTree ├── code-point-at@1.0.0
23 silly idealTree ├── concat-map@0.0.1
23 silly idealTree ├── convert-source-map@1.2.0
23 silly idealTree ├── core-js@1.2.6
23 silly idealTree ├── core-util-is@1.0.2
23 silly idealTree ├── dateformat@1.0.12
23 silly idealTree ├── debug@2.2.0
23 silly idealTree ├── decamelize@1.2.0
23 silly idealTree ├── defaults@1.0.3
23 silly idealTree ├── deprecated@0.0.1
23 silly idealTree ├── detect-indent@3.0.1
23 silly idealTree ├── duplexer2@0.0.2
23 silly idealTree ├── end-of-stream@0.1.5
23 silly idealTree ├── error-ex@1.3.0
23 silly idealTree ├── escape-string-regexp@1.0.5
23 silly idealTree ├── esmangle-evaluator@1.0.0
23 silly idealTree ├── esprima@2.7.2
23 silly idealTree ├── esutils@2.0.2
23 silly idealTree ├── exit-hook@1.1.1
23 silly idealTree ├── expand-brackets@0.1.5
23 silly idealTree ├── expand-range@1.8.1
23 silly idealTree ├── extend@2.0.1
23 silly idealTree ├── extglob@0.3.2
23 silly idealTree ├── falafel@1.2.0
23 silly idealTree ├── fancy-log@1.2.0
23 silly idealTree ├── figures@1.5.0
23 silly idealTree ├── filename-regex@2.0.0
23 silly idealTree ├── fill-range@2.2.3
23 silly idealTree ├── find-index@0.1.1
23 silly idealTree ├─┬ find-up@1.1.2
23 silly idealTree │ └── path-exists@2.1.0
23 silly idealTree ├── findup-sync@0.3.0
23 silly idealTree ├── first-chunk-stream@1.0.0
23 silly idealTree ├── flagged-respawn@0.3.2
23 silly idealTree ├── for-in@0.1.5
23 silly idealTree ├── for-own@0.1.4
23 silly idealTree ├── foreach@2.0.5
23 silly idealTree ├── fs-extra@0.26.7
23 silly idealTree ├─┬ fsevents@1.0.11
23 silly idealTree │ ├── ansi-regex@2.0.0
23 silly idealTree │ ├── ansi-styles@2.2.1
23 silly idealTree │ ├── ansi@0.3.1
23 silly idealTree │ ├── are-we-there-yet@1.1.2
23 silly idealTree │ ├── asn1@0.2.3
23 silly idealTree │ ├── assert-plus@0.2.0
23 silly idealTree │ ├── async@1.5.2
23 silly idealTree │ ├── aws-sign2@0.6.0
23 silly idealTree │ ├─┬ aws4@1.3.2
23 silly idealTree │ │ └─┬ lru-cache@4.0.1
23 silly idealTree │ │   ├── pseudomap@1.0.2
23 silly idealTree │ │   └── yallist@2.0.0
23 silly idealTree │ ├── bl@1.0.3
23 silly idealTree │ ├── block-stream@0.0.8
23 silly idealTree │ ├── boom@2.10.1
23 silly idealTree │ ├── caseless@0.11.0
23 silly idealTree │ ├── chalk@1.1.3
23 silly idealTree │ ├── combined-stream@1.0.5
23 silly idealTree │ ├── commander@2.9.0
23 silly idealTree │ ├── core-util-is@1.0.2
23 silly idealTree │ ├── cryptiles@2.0.5
23 silly idealTree │ ├─┬ dashdash@1.13.0
23 silly idealTree │ │ └── assert-plus@1.0.0
23 silly idealTree │ ├── debug@2.2.0
23 silly idealTree │ ├── deep-extend@0.4.1
23 silly idealTree │ ├── delayed-stream@1.0.0
23 silly idealTree │ ├── delegates@1.0.0
23 silly idealTree │ ├── ecc-jsbn@0.1.1
23 silly idealTree │ ├── escape-string-regexp@1.0.5
23 silly idealTree │ ├── extend@3.0.0
23 silly idealTree │ ├── extsprintf@1.0.2
23 silly idealTree │ ├── forever-agent@0.6.1
23 silly idealTree │ ├── form-data@1.0.0-rc4
23 silly idealTree │ ├─┬ fstream-ignore@1.0.3
23 silly idealTree │ │ └─┬ minimatch@3.0.0
23 silly idealTree │ │   └─┬ brace-expansion@1.1.3
23 silly idealTree │ │     ├── balanced-match@0.3.0
23 silly idealTree │ │     └── concat-map@0.0.1
23 silly idealTree │ ├── fstream@1.0.8
23 silly idealTree │ ├── gauge@1.2.7
23 silly idealTree │ ├── generate-function@2.0.0
23 silly idealTree │ ├── generate-object-property@1.2.0
23 silly idealTree │ ├── graceful-fs@4.1.3
23 silly idealTree │ ├── graceful-readlink@1.0.1
23 silly idealTree │ ├── har-validator@2.0.6
23 silly idealTree │ ├── has-ansi@2.0.0
23 silly idealTree │ ├── has-unicode@2.0.0
23 silly idealTree │ ├── hawk@3.1.3
23 silly idealTree │ ├── hoek@2.16.3
23 silly idealTree │ ├── http-signature@1.1.1
23 silly idealTree │ ├── inherits@2.0.1
23 silly idealTree │ ├── ini@1.3.4
23 silly idealTree │ ├── is-my-json-valid@2.13.1
23 silly idealTree │ ├── is-property@1.0.2
23 silly idealTree │ ├── is-typedarray@1.0.0
23 silly idealTree │ ├── isarray@1.0.0
23 silly idealTree │ ├── isstream@0.1.2
23 silly idealTree │ ├── jodid25519@1.0.2
23 silly idealTree │ ├── jsbn@0.1.0
23 silly idealTree │ ├── json-schema@0.2.2
23 silly idealTree │ ├── json-stringify-safe@5.0.1
23 silly idealTree │ ├── jsonpointer@2.0.0
23 silly idealTree │ ├── jsprim@1.2.2
23 silly idealTree │ ├── lodash.pad@4.1.0
23 silly idealTree │ ├── lodash.padend@4.2.0
23 silly idealTree │ ├── lodash.padstart@4.2.0
23 silly idealTree │ ├── lodash.repeat@4.0.0
23 silly idealTree │ ├── lodash.tostring@4.1.2
23 silly idealTree │ ├── mime-db@1.22.0
23 silly idealTree │ ├── mime-types@2.1.10
23 silly idealTree │ ├── minimist@0.0.8
23 silly idealTree │ ├── mkdirp@0.5.1
23 silly idealTree │ ├── ms@0.7.1
23 silly idealTree │ ├─┬ node-pre-gyp@0.6.25
23 silly idealTree │ │ └─┬ nopt@3.0.6
23 silly idealTree │ │   └── abbrev@1.0.7
23 silly idealTree │ ├── node-uuid@1.4.7
23 silly idealTree │ ├── npmlog@2.0.3
23 silly idealTree │ ├── oauth-sign@0.8.1
23 silly idealTree │ ├── once@1.3.3
23 silly idealTree │ ├── pinkie-promise@2.0.0
23 silly idealTree │ ├── pinkie@2.0.4
23 silly idealTree │ ├── process-nextick-args@1.0.6
23 silly idealTree │ ├── qs@6.0.2
23 silly idealTree │ ├─┬ rc@1.1.6
23 silly idealTree │ │ └── minimist@1.2.0
23 silly idealTree │ ├── readable-stream@2.0.6
23 silly idealTree │ ├── request@2.69.0
23 silly idealTree │ ├─┬ rimraf@2.5.2
23 silly idealTree │ │ └─┬ glob@7.0.3
23 silly idealTree │ │   ├─┬ inflight@1.0.4
23 silly idealTree │ │   │ └── wrappy@1.0.1
23 silly idealTree │ │   ├── inherits@2.0.1
23 silly idealTree │ │   ├─┬ minimatch@3.0.0
23 silly idealTree │ │   │ └─┬ brace-expansion@1.1.3
23 silly idealTree │ │   │   ├── balanced-match@0.3.0
23 silly idealTree │ │   │   └── concat-map@0.0.1
23 silly idealTree │ │   ├─┬ once@1.3.3
23 silly idealTree │ │   │ └── wrappy@1.0.1
23 silly idealTree │ │   └── path-is-absolute@1.0.0
23 silly idealTree │ ├── semver@5.1.0
23 silly idealTree │ ├── sntp@1.0.9
23 silly idealTree │ ├── sshpk@1.7.4
23 silly idealTree │ ├── string_decoder@0.10.31
23 silly idealTree │ ├── stringstream@0.0.5
23 silly idealTree │ ├── strip-ansi@3.0.1
23 silly idealTree │ ├── strip-json-comments@1.0.4
23 silly idealTree │ ├── supports-color@2.0.0
23 silly idealTree │ ├── tar-pack@3.1.3
23 silly idealTree │ ├── tar@2.2.1
23 silly idealTree │ ├── tough-cookie@2.2.2
23 silly idealTree │ ├── tunnel-agent@0.4.2
23 silly idealTree │ ├── tweetnacl@0.14.3
23 silly idealTree │ ├── uid-number@0.0.6
23 silly idealTree │ ├── util-deprecate@1.0.2
23 silly idealTree │ ├── verror@1.3.6
23 silly idealTree │ ├── wrappy@1.0.1
23 silly idealTree │ └── xtend@4.0.1
23 silly idealTree ├── gaze@0.5.2
23 silly idealTree ├── get-stdin@4.0.1
23 silly idealTree ├── git-config@0.0.7
23 silly idealTree ├── glob-base@0.3.0
23 silly idealTree ├── glob-parent@2.0.0
23 silly idealTree ├─┬ glob-stream@3.1.18
23 silly idealTree │ ├── glob@4.5.3
23 silly idealTree │ ├── readable-stream@1.0.34
23 silly idealTree │ └── through2@0.6.5
23 silly idealTree ├── glob-watcher@0.0.6
23 silly idealTree ├── glob@5.0.15
23 silly idealTree ├── glob2base@0.0.12
23 silly idealTree ├── globals@8.18.0
23 silly idealTree ├─┬ globule@0.1.0
23 silly idealTree │ ├── glob@3.1.21
23 silly idealTree │ ├── graceful-fs@1.2.3
23 silly idealTree │ ├── inherits@1.0.2
23 silly idealTree │ ├── lodash@1.0.2
23 silly idealTree │ └── minimatch@0.2.14
23 silly idealTree ├── glogg@1.0.0
23 silly idealTree ├── graceful-fs@4.1.3
23 silly idealTree ├── gulp-babel@6.1.2
23 silly idealTree ├── gulp-batch@1.0.5
23 silly idealTree ├─┬ gulp-util@3.0.7
23 silly idealTree │ └── object-assign@3.0.0
23 silly idealTree ├─┬ gulp-watch@4.3.5
23 silly idealTree │ ├── isarray@1.0.0
23 silly idealTree │ └── readable-stream@2.1.0
23 silly idealTree ├─┬ gulp@3.9.1
23 silly idealTree │ └── semver@4.3.6
23 silly idealTree ├── gulplog@1.0.0
23 silly idealTree ├─┬ handlebars@4.0.5
23 silly idealTree │ └── source-map@0.4.4
23 silly idealTree ├── has-ansi@2.0.0
23 silly idealTree ├── has-gulplog@0.1.0
23 silly idealTree ├── home-or-tmp@1.0.0
23 silly idealTree ├── hosted-git-info@2.1.4
23 silly idealTree ├── in-publish@2.0.0
23 silly idealTree ├─┬ indent-string@2.1.0
23 silly idealTree │ └── repeating@2.0.1
23 silly idealTree ├── inflight@1.0.4
23 silly idealTree ├── inherits@2.0.1
23 silly idealTree ├── iniparser@1.0.5
23 silly idealTree ├─┬ inline-process-browser@2.0.1
23 silly idealTree │ ├── readable-stream@1.0.34
23 silly idealTree │ └── through2@0.6.5
23 silly idealTree ├── inquirer@0.11.4
23 silly idealTree ├── interpret@1.0.0
23 silly idealTree ├── invariant@2.2.1
23 silly idealTree ├── is-arrayish@0.2.1
23 silly idealTree ├── is-binary-path@1.0.1
23 silly idealTree ├── is-buffer@1.1.3
23 silly idealTree ├── is-builtin-module@1.0.0
23 silly idealTree ├── is-dotfile@1.0.2
23 silly idealTree ├── is-equal-shallow@0.1.3
23 silly idealTree ├── is-extendable@0.1.1
23 silly idealTree ├── is-extglob@1.0.0
23 silly idealTree ├── is-finite@1.0.1
23 silly idealTree ├── is-fullwidth-code-point@1.0.0
23 silly idealTree ├── is-glob@2.0.1
23 silly idealTree ├── is-integer@1.0.6
23 silly idealTree ├── is-number@2.1.0
23 silly idealTree ├── is-posix-bracket@0.1.1
23 silly idealTree ├── is-primitive@2.0.0
23 silly idealTree ├── is-utf8@0.2.1
23 silly idealTree ├── isarray@0.0.1
23 silly idealTree ├── isobject@2.0.0
23 silly idealTree ├── js-tokens@1.0.3
23 silly idealTree ├── jsesc@0.5.0
23 silly idealTree ├── json5@0.4.0
23 silly idealTree ├── jsonfile@2.3.0
23 silly idealTree ├── kind-of@3.0.2
23 silly idealTree ├── klaw@1.2.0
23 silly idealTree ├── lazy-cache@1.0.3
23 silly idealTree ├── liftoff@2.2.1
23 silly idealTree ├── load-json-file@1.1.0
23 silly idealTree ├── lodash._basecopy@3.0.1
23 silly idealTree ├── lodash._basetostring@3.0.1
23 silly idealTree ├── lodash._basevalues@3.0.0
23 silly idealTree ├── lodash._getnative@3.9.1
23 silly idealTree ├── lodash._isiterateecall@3.0.9
23 silly idealTree ├── lodash._reescape@3.0.0
23 silly idealTree ├── lodash._reevaluate@3.0.0
23 silly idealTree ├── lodash._reinterpolate@3.0.0
23 silly idealTree ├── lodash._root@3.0.1
23 silly idealTree ├── lodash.escape@3.2.0
23 silly idealTree ├── lodash.isarguments@3.0.8
23 silly idealTree ├── lodash.isarray@3.0.4
23 silly idealTree ├── lodash.keys@3.1.2
23 silly idealTree ├── lodash.restparam@3.6.1
23 silly idealTree ├── lodash.template@3.6.2
23 silly idealTree ├── lodash.templatesettings@3.1.1
23 silly idealTree ├── lodash@3.10.1
23 silly idealTree ├── longest@1.0.1
23 silly idealTree ├── loose-envify@1.1.0
23 silly idealTree ├── loud-rejection@1.3.0
23 silly idealTree ├── lru-cache@2.7.3
23 silly idealTree ├── map-obj@1.0.1
23 silly idealTree ├── meow@3.7.0
23 silly idealTree ├── micromatch@2.3.7
23 silly idealTree ├── minimatch@2.0.10
23 silly idealTree ├── minimist@1.2.0
23 silly idealTree ├─┬ mkdirp@0.5.1
23 silly idealTree │ └── minimist@0.0.8
23 silly idealTree ├── ms@0.7.1
23 silly idealTree ├── multipipe@0.1.2
23 silly idealTree ├── mute-stream@0.0.5
23 silly idealTree ├── nan@2.2.1
23 silly idealTree ├── neon-cli@0.1.7
23 silly idealTree ├── next-tick@0.2.2
23 silly idealTree ├── normalize-package-data@2.3.5
23 silly idealTree ├── normalize-path@2.0.1
23 silly idealTree ├── number-is-nan@1.0.0
23 silly idealTree ├── object-assign@4.0.1
23 silly idealTree ├── object-keys@1.0.9
23 silly idealTree ├── object.omit@2.0.0
23 silly idealTree ├── once@1.3.3
23 silly idealTree ├── onetime@1.1.0
23 silly idealTree ├─┬ optimist@0.6.1
23 silly idealTree │ └── minimist@0.0.10
23 silly idealTree ├── orchestrator@0.3.7
23 silly idealTree ├── ordered-read-streams@0.1.0
23 silly idealTree ├── os-homedir@1.0.1
23 silly idealTree ├── os-tmpdir@1.0.1
23 silly idealTree ├── parse-glob@3.0.4
23 silly idealTree ├── parse-json@2.2.0
23 silly idealTree ├── path-exists@1.0.0
23 silly idealTree ├── path-is-absolute@1.0.0
23 silly idealTree ├── path-type@1.1.0
23 silly idealTree ├── pify@2.3.0
23 silly idealTree ├── pinkie-promise@2.0.1
23 silly idealTree ├── pinkie@2.0.4
23 silly idealTree ├── preserve@0.2.0
23 silly idealTree ├── pretty-hrtime@1.0.2
23 silly idealTree ├── private@0.1.6
23 silly idealTree ├── process-nextick-args@1.0.6
23 silly idealTree ├── randomatic@1.1.5
23 silly idealTree ├── read-pkg-up@1.0.1
23 silly idealTree ├── read-pkg@1.1.0
23 silly idealTree ├── readable-stream@1.1.14
23 silly idealTree ├─┬ readdirp@2.0.0
23 silly idealTree │ ├── isarray@1.0.0
23 silly idealTree │ └── readable-stream@2.1.0
23 silly idealTree ├── readline2@1.0.1
23 silly idealTree ├── recast@0.11.5
23 silly idealTree ├── rechoir@0.6.2
23 silly idealTree ├── redent@1.0.0
23 silly idealTree ├── regenerate@1.2.1
23 silly idealTree ├── regex-cache@0.4.3
23 silly idealTree ├── regexpu-core@1.0.0
23 silly idealTree ├── regjsgen@0.2.0
23 silly idealTree ├── regjsparser@0.1.5
23 silly idealTree ├── repeat-element@1.1.2
23 silly idealTree ├── repeat-string@1.5.4
23 silly idealTree ├── repeating@1.1.3
23 silly idealTree ├── replace-ext@0.0.1
23 silly idealTree ├── resolve@1.1.7
23 silly idealTree ├── restore-cursor@1.0.1
23 silly idealTree ├── right-align@0.1.3
23 silly idealTree ├─┬ rimraf@2.5.2
23 silly idealTree │ └── glob@7.0.3
23 silly idealTree ├── rsvp@3.2.1
23 silly idealTree ├── run-async@0.1.0
23 silly idealTree ├── rx-lite@3.1.2
23 silly idealTree ├── semver@5.1.0
23 silly idealTree ├── sequencify@0.0.7
23 silly idealTree ├── shallow-copy@0.0.1
23 silly idealTree ├── shebang-regex@1.0.0
23 silly idealTree ├── sigmund@1.0.1
23 silly idealTree ├── signal-exit@2.1.2
23 silly idealTree ├── slash@1.0.0
23 silly idealTree ├─┬ source-map-support@0.2.10
23 silly idealTree │ └── source-map@0.1.32
23 silly idealTree ├── source-map@0.5.3
23 silly idealTree ├── sparkles@1.0.0
23 silly idealTree ├── spdx-correct@1.0.2
23 silly idealTree ├── spdx-exceptions@1.0.4
23 silly idealTree ├── spdx-expression-parse@1.0.2
23 silly idealTree ├── spdx-license-ids@1.2.1
23 silly idealTree ├─┬ stream-array@1.1.1
23 silly idealTree │ ├── isarray@1.0.0
23 silly idealTree │ └── readable-stream@2.0.6
23 silly idealTree ├── stream-consume@0.1.0
23 silly idealTree ├── stream-exhaust@1.0.1
23 silly idealTree ├── string_decoder@0.10.31
23 silly idealTree ├── string-width@1.0.1
23 silly idealTree ├── strip-ansi@3.0.1
23 silly idealTree ├── strip-bom-stream@1.0.0
23 silly idealTree ├── strip-bom@2.0.0
23 silly idealTree ├── strip-indent@1.0.1
23 silly idealTree ├── supports-color@2.0.0
23 silly idealTree ├── through@2.3.8
23 silly idealTree ├─┬ through2@2.0.1
23 silly idealTree │ ├── isarray@1.0.0
23 silly idealTree │ └── readable-stream@2.0.6
23 silly idealTree ├── tildify@1.2.0
23 silly idealTree ├── time-stamp@1.0.1
23 silly idealTree ├── to-fast-properties@1.0.2
23 silly idealTree ├── toml@2.3.0
23 silly idealTree ├── trim-newlines@1.0.0
23 silly idealTree ├── trim-right@1.0.1
23 silly idealTree ├─┬ uglify-js@2.6.2
23 silly idealTree │ └── async@0.2.10
23 silly idealTree ├── uglify-to-browserify@1.0.2
23 silly idealTree ├── unique-stream@1.0.0
23 silly idealTree ├── unreachable-branch-transform@0.5.1
23 silly idealTree ├── user-home@1.1.1
23 silly idealTree ├── util-deprecate@1.0.2
23 silly idealTree ├── v8flags@2.0.11
23 silly idealTree ├── validate-npm-package-license@3.0.1
23 silly idealTree ├── validate-npm-package-name@2.2.2
23 silly idealTree ├─┬ vinyl-file@1.3.0
23 silly idealTree │ └── vinyl@1.1.1
23 silly idealTree ├─┬ vinyl-fs@0.3.14
23 silly idealTree │ ├── clone@0.2.0
23 silly idealTree │ ├── graceful-fs@3.0.8
23 silly idealTree │ ├── readable-stream@1.0.34
23 silly idealTree │ ├── strip-bom@1.0.0
23 silly idealTree │ ├── through2@0.6.5
23 silly idealTree │ └── vinyl@0.4.6
23 silly idealTree ├── vinyl-sourcemaps-apply@0.2.1
23 silly idealTree ├── vinyl@0.5.3
23 silly idealTree ├── window-size@0.1.0
23 silly idealTree ├── wordwrap@0.0.3
23 silly idealTree ├── wrappy@1.0.1
23 silly idealTree ├── xtend@4.0.1
23 silly idealTree └─┬ yargs@3.10.0
23 silly idealTree   └── camelcase@1.2.1
24 silly generateActionsToTake Starting
25 silly install generateActionsToTake
26 silly generateActionsToTake Finishing
27 silly diffTrees action count 1
28 silly diffTrees update gulp@3.9.1
29 silly decomposeActions action count 8
30 silly decomposeActions fetch gulp@3.9.1
31 silly decomposeActions extract gulp@3.9.1
32 silly decomposeActions test gulp@3.9.1
33 silly decomposeActions preinstall gulp@3.9.1
34 silly decomposeActions build gulp@3.9.1
35 silly decomposeActions install gulp@3.9.1
36 silly decomposeActions postinstall gulp@3.9.1
37 silly decomposeActions finalize gulp@3.9.1
38 silly executeActions Starting
39 silly install executeActions
40 silly doSerial global-install 0
41 silly doParallel fetch 1
42 verbose correctMkdir /Users/mfpiccolo/.npm/_locks correctMkdir not in flight; initializing
43 verbose lock using /Users/mfpiccolo/.npm/_locks/staging-7885c723e2c7c581.lock for /Users/mfpiccolo/code/mfpiccolo/rusty_node/node_modules/.staging
44 silly doParallel extract 1
45 silly extract gulp@3.9.1
46 verbose unbuild node_modules/.staging/gulp-bf09f1aa
47 silly gentlyRm /Users/mfpiccolo/code/mfpiccolo/rusty_node/node_modules/.staging/gulp-bf09f1aa is being purged from base /Users/mfpiccolo/code/mfpiccolo/rusty_node
48 verbose gentlyRm don't care about contents; nuking /Users/mfpiccolo/code/mfpiccolo/rusty_node/node_modules/.staging/gulp-bf09f1aa
49 verbose tar unpack /Users/mfpiccolo/.npm/gulp/3.9.1/package.tgz
50 verbose tar unpacking to /Users/mfpiccolo/code/mfpiccolo/rusty_node/node_modules/.staging/gulp-bf09f1aa
51 silly gentlyRm /Users/mfpiccolo/code/mfpiccolo/rusty_node/node_modules/.staging/gulp-bf09f1aa is being purged
52 verbose gentlyRm don't care about contents; nuking /Users/mfpiccolo/code/mfpiccolo/rusty_node/node_modules/.staging/gulp-bf09f1aa
53 silly gunzTarPerm modes [ '755', '644' ]
54 silly gunzTarPerm extractEntry package.json
55 silly gunzTarPerm extractEntry README.md
56 silly gunzTarPerm extractEntry LICENSE
57 silly gunzTarPerm extractEntry index.js
58 silly gunzTarPerm extractEntry CHANGELOG.md
59 silly gunzTarPerm extractEntry bin/gulp.js
60 silly gunzTarPerm extractEntry completion/README.md
61 silly gunzTarPerm extractEntry completion/bash
62 silly gunzTarPerm extractEntry completion/fish
63 silly gunzTarPerm extractEntry completion/powershell
64 silly gunzTarPerm extractEntry completion/zsh
65 silly gunzTarPerm extractEntry gulp.1
66 silly gunzTarPerm extractEntry lib/completion.js
67 silly gunzTarPerm extractEntry lib/taskTree.js
68 silly gentlyRm /Users/mfpiccolo/code/mfpiccolo/rusty_node/node_modules/.staging/gulp-bf09f1aa/node_modules is being purged
69 verbose gentlyRm don't care about contents; nuking /Users/mfpiccolo/code/mfpiccolo/rusty_node/node_modules/.staging/gulp-bf09f1aa/node_modules
70 silly doParallel preinstall 1
71 silly preinstall gulp@3.9.1 /Users/mfpiccolo/code/mfpiccolo/rusty_node/node_modules/.staging/gulp-bf09f1aa
72 info lifecycle gulp@3.9.1~preinstall: gulp@3.9.1
73 silly lifecycle gulp@3.9.1~preinstall: no script for preinstall, continuing
74 silly doReverseSerial remove 0
75 silly doSerial move 0
76 silly doSerial finalize 1
77 silly finalize /Users/mfpiccolo/code/mfpiccolo/rusty_node/node_modules/gulp
78 silly doSerial build 1
79 silly build gulp@3.9.1
80 info linkStuff gulp@3.9.1
81 silly linkStuff gulp@3.9.1 has /Users/mfpiccolo/code/mfpiccolo/rusty_node/node_modules as its parent node_modules
82 verbose linkBins gulp@3.9.1
83 verbose link bins [ { gulp: './bin/gulp.js' },
83 verbose link bins   '/Users/mfpiccolo/code/mfpiccolo/rusty_node/node_modules/.bin',
83 verbose link bins   false ]
84 verbose linkMans gulp@3.9.1
85 silly doSerial global-link 0
86 silly doParallel update-linked 0
87 silly doSerial install 1
88 silly install gulp@3.9.1 /Users/mfpiccolo/code/mfpiccolo/rusty_node/node_modules/.staging/gulp-bf09f1aa
89 info lifecycle gulp@3.9.1~install: gulp@3.9.1
90 silly lifecycle gulp@3.9.1~install: no script for install, continuing
91 silly doSerial postinstall 1
92 silly postinstall gulp@3.9.1 /Users/mfpiccolo/code/mfpiccolo/rusty_node/node_modules/.staging/gulp-bf09f1aa
93 info lifecycle gulp@3.9.1~postinstall: gulp@3.9.1
94 silly lifecycle gulp@3.9.1~postinstall: no script for postinstall, continuing
95 verbose unlock done using /Users/mfpiccolo/.npm/_locks/staging-7885c723e2c7c581.lock for /Users/mfpiccolo/code/mfpiccolo/rusty_node/node_modules/.staging
96 silly executeActions Finishing
97 silly rollbackFailedOptional Starting
98 silly rollbackFailedOptional Finishing
99 silly runTopLevelLifecycles Starting
100 silly install runTopLevelLifecycles
101 silly preinstall rusty_node@0.1.0 /Users/mfpiccolo/code/mfpiccolo/rusty_node/rusty_node-3d1606c7
102 info lifecycle rusty_node@0.1.0~preinstall: rusty_node@0.1.0
103 silly lifecycle rusty_node@0.1.0~preinstall: no script for preinstall, continuing
104 silly build rusty_node@0.1.0
105 info linkStuff rusty_node@0.1.0
106 silly linkStuff rusty_node@0.1.0 has /Users/mfpiccolo/code/mfpiccolo as its parent node_modules
107 verbose linkBins rusty_node@0.1.0
108 verbose linkMans rusty_node@0.1.0
109 silly install rusty_node@0.1.0 /Users/mfpiccolo/code/mfpiccolo/rusty_node/rusty_node-3d1606c7
110 info lifecycle rusty_node@0.1.0~install: rusty_node@0.1.0
111 verbose lifecycle rusty_node@0.1.0~install: unsafe-perm in lifecycle true
112 verbose lifecycle rusty_node@0.1.0~install: PATH: /usr/local/lib/node_modules/npm/bin/node-gyp-bin:/Users/mfpiccolo/code/mfpiccolo/rusty_node/node_modules/.bin:/usr/local/Cellar/node/5.9.0/bin:/Users/mfpiccolo/.rbenv/shims:/bin:/sbin:/usr/local/sbin:/usr/local/bin:/Users/mfpiccolo/.rbenv/shims:/bin:/sbin:/usr/local/sbin:/usr/local/bin:/usr/local/bin:/usr/bin:/bin:/usr/sbin:/sbin:/usr/local/lib/ruby/gems/1.9.1/gems/jekyll-2.5.2/bin:/Users/mfpiccolo/.multirust/toolchains/nightly/cargo/bin:/usr/local/lib/ruby/gems/1.9.1/gems/jekyll-2.5.2/bin:/Users/mfpiccolo/.multirust/toolchains/nightly/cargo/bin
113 verbose lifecycle rusty_node@0.1.0~install: CWD: /Users/mfpiccolo/code/mfpiccolo/rusty_node
114 silly lifecycle rusty_node@0.1.0~install: Args: [ '-c', 'neon build' ]
115 silly lifecycle rusty_node@0.1.0~install: Returned: code: 1  signal: null
116 info lifecycle rusty_node@0.1.0~install: Failed to exec install script
117 warn rusty_node@0.1.0 No description
118 warn rusty_node@0.1.0 No repository field.
119 verbose stack Error: rusty_node@0.1.0 install: `neon build`
119 verbose stack Exit status 1
119 verbose stack     at EventEmitter.<anonymous> (/usr/local/lib/node_modules/npm/lib/utils/lifecycle.js:239:16)
119 verbose stack     at emitTwo (events.js:100:13)
119 verbose stack     at EventEmitter.emit (events.js:185:7)
119 verbose stack     at ChildProcess.<anonymous> (/usr/local/lib/node_modules/npm/lib/utils/spawn.js:24:14)
119 verbose stack     at emitTwo (events.js:100:13)
119 verbose stack     at ChildProcess.emit (events.js:185:7)
119 verbose stack     at maybeClose (internal/child_process.js:850:16)
119 verbose stack     at Process.ChildProcess._handle.onexit (internal/child_process.js:215:5)
120 verbose pkgid rusty_node@0.1.0
121 verbose cwd /Users/mfpiccolo/code/mfpiccolo/rusty_node/native
122 error Darwin 14.5.0
123 error argv "/usr/local/Cellar/node/5.9.0/bin/node" "/usr/local/bin/npm" "i"
124 error node v5.9.0
125 error npm  v3.8.6
126 error code ELIFECYCLE
127 error rusty_node@0.1.0 install: `neon build`
127 error Exit status 1
128 error Failed at the rusty_node@0.1.0 install script 'neon build'.
128 error Make sure you have the latest version of node.js and npm installed.
128 error If you do, this is most likely a problem with the rusty_node package,
128 error not with npm itself.
128 error Tell the author that this fails on your system:
128 error     neon build
128 error You can get information on how to open an issue for this project with:
128 error     npm bugs rusty_node
128 error Or if that isn't available, you can get their info via:
128 error     npm owner ls rusty_node
128 error There is likely additional logging output above.
129 verbose exit [ 1, true ]
